{"level":"info","message":"WeLearn backend server running on port 3000!","timestamp":"2025-04-08T19:31:05.531Z"}
{"level":"info","message":"WeLearn backend server running on port 3000!","timestamp":"2025-04-08T19:31:08.855Z"}
{"level":"info","message":"WeLearn backend server running on port 3000!","timestamp":"2025-04-08T19:36:15.830Z"}
{"level":"info","message":"WeLearn backend server running on port 3000!","timestamp":"2025-04-08T19:38:19.807Z"}
{"level":"info","message":"User [object SequelizeInstance:User] created!","timestamp":"2025-04-08T19:42:02.479Z"}
{"level":"error","message":"User already exists","timestamp":"2025-04-08T19:42:28.865Z"}
{"level":"info","message":"WeLearn backend server running on port 3000!","timestamp":"2025-04-08T19:45:17.408Z"}
{"level":"error","message":"User already exists","timestamp":"2025-04-08T19:45:21.488Z"}
{"level":"info","message":"WeLearn backend server running on port 3000!","timestamp":"2025-04-08T19:45:45.432Z"}
{"level":"info","message":"Deleted user: 1","timestamp":"2025-04-08T19:59:03.860Z"}
{"level":"info","message":"User [object SequelizeInstance:User] created!","timestamp":"2025-04-08T19:59:19.723Z"}
{"0":{"code":"invalid_type","expected":"string","message":"Required","path":["firstName"],"received":"undefined"},"1":{"code":"invalid_type","expected":"string","message":"Required","path":["lastName"],"received":"undefined"},"level":"error","message":"Validation error:","timestamp":"2025-04-08T19:59:41.205Z"}
{"0":{"code":"invalid_type","expected":"string","message":"Required","path":["firstName"],"received":"undefined"},"1":{"code":"invalid_type","expected":"string","message":"Required","path":["lastName"],"received":"undefined"},"level":"error","message":"Validation error:","timestamp":"2025-04-08T20:00:04.417Z"}
{"level":"info","message":"WeLearn backend server running on port 3000!","timestamp":"2025-04-08T20:00:55.009Z"}
{"level":"info","message":"User [object SequelizeInstance:User] created!","timestamp":"2025-04-08T20:01:20.089Z"}
{"level":"info","message":"WeLearn backend server running on port 3000!","timestamp":"2025-04-08T20:01:42.822Z"}
{"level":"info","message":"WeLearn backend server running on port 3000!","timestamp":"2025-04-14T02:13:53.812Z"}
{"level":"info","message":"Record [object SequelizeInstance:Record] created!","timestamp":"2025-04-14T02:17:53.985Z"}
{"level":"info","message":"Record [object SequelizeInstance:Record] created!","timestamp":"2025-04-14T02:21:04.818Z"}
{"level":"info","message":"Record [object SequelizeInstance:Record] created!","timestamp":"2025-04-14T02:22:17.453Z"}
{"0":{"code":"invalid_type","expected":"string","message":"Required","path":["userId"],"received":"undefined"},"1":{"code":"invalid_type","expected":"string","message":"Required","path":["recordId"],"received":"undefined"},"level":"error","message":"Validation error:","timestamp":"2025-04-14T02:22:51.094Z"}
{"0":{"code":"invalid_type","expected":"string","message":"Required","path":["userId"],"received":"undefined"},"1":{"code":"invalid_type","expected":"string","message":"Required","path":["recordId"],"received":"undefined"},"level":"error","message":"Validation error:","timestamp":"2025-04-14T02:28:35.090Z"}
{"level":"error","message":"Error fetching the user: userId=6e11bb79-4314-433a-9c88-2c98e0a8cbc8 invalid input syntax for type uuid: \"userId=6e11bb79-4314-433a-9c88-2c98e0a8cbc8\"","name":"SequelizeDatabaseError","original":{"code":"22P02","file":"uuid.c","length":143,"line":"133","name":"error","position":"107","routine":"string_to_uuid","severity":"ERROR","sql":"SELECT \"id\", \"firstName\", \"lastName\", \"createdAt\", \"updatedAt\" FROM \"Users\" AS \"User\" WHERE \"User\".\"id\" = 'userId=6e11bb79-4314-433a-9c88-2c98e0a8cbc8';"},"parameters":{},"parent":{"code":"22P02","file":"uuid.c","length":143,"line":"133","name":"error","position":"107","routine":"string_to_uuid","severity":"ERROR","sql":"SELECT \"id\", \"firstName\", \"lastName\", \"createdAt\", \"updatedAt\" FROM \"Users\" AS \"User\" WHERE \"User\".\"id\" = 'userId=6e11bb79-4314-433a-9c88-2c98e0a8cbc8';"},"sql":"SELECT \"id\", \"firstName\", \"lastName\", \"createdAt\", \"updatedAt\" FROM \"Users\" AS \"User\" WHERE \"User\".\"id\" = 'userId=6e11bb79-4314-433a-9c88-2c98e0a8cbc8';","stack":"Error\n    at Query.run (/Users/abhishekjaglan/Desktop/BackEnd/Projects/welearn-backend/node_modules/sequelize/lib/dialects/postgres/query.js:50:25)\n    at /Users/abhishekjaglan/Desktop/BackEnd/Projects/welearn-backend/node_modules/sequelize/lib/sequelize.js:315:28\n    at process.processTicksAndRejections (node:internal/process/task_queues:95:5)\n    at async PostgresQueryInterface.select (/Users/abhishekjaglan/Desktop/BackEnd/Projects/welearn-backend/node_modules/sequelize/lib/dialects/abstract/query-interface.js:407:12)\n    at async User.findAll (/Users/abhishekjaglan/Desktop/BackEnd/Projects/welearn-backend/node_modules/sequelize/lib/model.js:1140:21)\n    at async User.findOne (/Users/abhishekjaglan/Desktop/BackEnd/Projects/welearn-backend/node_modules/sequelize/lib/model.js:1240:12)\n    at async UserService.getUser (file:///Users/abhishekjaglan/Desktop/BackEnd/Projects/welearn-backend/src/services/user.service.ts:40:28)\n    at async RecordService.getRecordsByUser (file:///Users/abhishekjaglan/Desktop/BackEnd/Projects/welearn-backend/src/services/record.service.ts:45:28)\n    at async RecordController.getRecordsByUser (file:///Users/abhishekjaglan/Desktop/BackEnd/Projects/welearn-backend/src/controllers/record.controller.ts:62:29)","timestamp":"2025-04-14T02:29:21.375Z"}
{"level":"error","message":"Error fetching the user: userId=6e11bb79-4314-433a-9c88-2c98e0a8cbc8 invalid input syntax for type uuid: \"userId=6e11bb79-4314-433a-9c88-2c98e0a8cbc8\"","stack":"Error: invalid input syntax for type uuid: \"userId=6e11bb79-4314-433a-9c88-2c98e0a8cbc8\"\n    at UserService.getUser (file:///Users/abhishekjaglan/Desktop/BackEnd/Projects/welearn-backend/src/services/user.service.ts:44:19)\n    at process.processTicksAndRejections (node:internal/process/task_queues:95:5)\n    at async RecordService.getRecordsByUser (file:///Users/abhishekjaglan/Desktop/BackEnd/Projects/welearn-backend/src/services/record.service.ts:45:28)\n    at async RecordController.getRecordsByUser (file:///Users/abhishekjaglan/Desktop/BackEnd/Projects/welearn-backend/src/controllers/record.controller.ts:62:29)","status":500,"timestamp":"2025-04-14T02:29:21.376Z"}
{"level":"info","message":"WeLearn backend server running on port 3000!","timestamp":"2025-04-14T02:32:04.790Z"}
{"level":"info","message":"WeLearn backend server running on port 3000!","timestamp":"2025-04-14T02:32:38.456Z"}
{"0":{"code":"invalid_type","expected":"string","message":"Required","path":["userId"],"received":"undefined"},"1":{"code":"invalid_type","expected":"string","message":"Required","path":["recordId"],"received":"undefined"},"level":"error","message":"Validation error:","timestamp":"2025-04-14T02:33:17.746Z"}
{"level":"info","message":"WeLearn backend server running on port 3000!","timestamp":"2025-04-14T02:34:07.252Z"}
{"0":{"code":"invalid_type","expected":"string","message":"Required","path":["userId"],"received":"undefined"},"1":{"code":"invalid_type","expected":"string","message":"Required","path":["recordId"],"received":"undefined"},"level":"error","message":"Validation error:","timestamp":"2025-04-14T02:34:12.297Z"}
{"level":"info","message":"WeLearn backend server running on port 3000!","timestamp":"2025-04-14T02:34:44.869Z"}
{"level":"info","message":"WeLearn backend server running on port 3000!","timestamp":"2025-04-14T02:34:58.080Z"}
{"0":{"code":"invalid_type","expected":"string","message":"Required","path":["userId"],"received":"undefined"},"1":{"code":"invalid_type","expected":"string","message":"Required","path":["recordId"],"received":"undefined"},"level":"error","message":"Validation error:","timestamp":"2025-04-14T02:34:59.839Z"}
{"level":"info","message":"WeLearn backend server running on port 3000!","timestamp":"2025-04-14T02:40:41.654Z"}
{"0":{"code":"invalid_type","expected":"string","message":"Required","path":["userId"],"received":"undefined"},"1":{"code":"invalid_type","expected":"string","message":"Required","path":["recordId"],"received":"undefined"},"level":"error","message":"Validation error:","timestamp":"2025-04-14T02:40:43.345Z"}
{"level":"info","message":"WeLearn backend server running on port 3000!","timestamp":"2025-04-14T02:41:08.720Z"}
{"0":{"code":"invalid_type","expected":"string","message":"Required","path":["userId"],"received":"undefined"},"1":{"code":"invalid_type","expected":"string","message":"Required","path":["recordId"],"received":"undefined"},"level":"error","message":"Validation error:","timestamp":"2025-04-14T02:41:14.135Z"}
{"level":"info","message":"WeLearn backend server running on port 3000!","timestamp":"2025-04-14T02:43:16.265Z"}
{"0":{"code":"invalid_type","expected":"string","message":"Required","path":["userId"],"received":"undefined"},"1":{"code":"invalid_type","expected":"string","message":"Required","path":["recordId"],"received":"undefined"},"level":"error","message":"Validation error:","timestamp":"2025-04-14T02:43:26.591Z"}
{"level":"info","message":"WeLearn backend server running on port 3000!","timestamp":"2025-04-14T02:43:40.539Z"}
{"0":{"code":"invalid_type","expected":"string","message":"Required","path":["userId"],"received":"undefined"},"1":{"code":"invalid_type","expected":"string","message":"Required","path":["recordId"],"received":"undefined"},"level":"error","message":"Validation error:","timestamp":"2025-04-14T02:43:43.099Z"}
{"level":"info","message":"WeLearn backend server running on port 3000!","timestamp":"2025-04-14T02:45:14.384Z"}
{"level":"info","message":"WeLearn backend server running on port 3000!","timestamp":"2025-04-14T02:45:37.644Z"}
{"level":"error","message":"Unhandled Error","timestamp":"2025-04-14T02:45:40.554Z"}
{"level":"info","message":"WeLearn backend server running on port 3000!","timestamp":"2025-04-14T02:45:57.470Z"}
{"level":"info","message":"WeLearn backend server running on port 3000!","timestamp":"2025-04-14T02:46:12.269Z"}
{"0":{"code":"invalid_type","expected":"string","message":"Required","path":["user"],"received":"undefined"},"1":{"code":"invalid_type","expected":"string","message":"Required","path":["mediaType"],"received":"undefined"},"2":{"code":"invalid_type","expected":"string","message":"Required","path":["mediaName"],"received":"undefined"},"level":"error","message":"Validation error:","timestamp":"2025-04-14T02:47:31.680Z"}
{"level":"info","message":"WeLearn backend server running on port 3000!","timestamp":"2025-04-14T02:48:49.406Z"}
{"level":"error","message":"Unhandled Error","timestamp":"2025-04-14T02:48:56.656Z"}
{"level":"info","message":"WeLearn backend server running on port 3000!","timestamp":"2025-04-14T02:49:07.985Z"}
{"level":"error","message":"Unhandled Error","timestamp":"2025-04-14T02:50:45.348Z"}
{"level":"info","message":"WeLearn backend server running on port 3000!","timestamp":"2025-04-14T02:52:03.030Z"}
{"level":"info","message":"WeLearn backend server running on port 3000!","timestamp":"2025-04-14T02:52:30.439Z"}
{"level":"info","message":"WeLearn backend server running on port 3000!","timestamp":"2025-04-14T02:53:14.953Z"}
{"level":"info","message":"WeLearn backend server running on port 3000!","timestamp":"2025-04-14T02:53:43.606Z"}
{"level":"error","message":"Unhandled Error","timestamp":"2025-04-14T02:53:45.892Z"}
{"level":"error","message":"Unhandled Error","timestamp":"2025-04-14T02:54:13.541Z"}
{"level":"info","message":"WeLearn backend server running on port 3000!","timestamp":"2025-04-14T02:54:29.412Z"}
{"level":"info","message":"WeLearn backend server running on port 3000!","timestamp":"2025-04-14T02:57:46.308Z"}
{"level":"info","message":"WeLearn backend server running on port 3000!","timestamp":"2025-04-14T02:58:16.577Z"}
{"level":"info","message":"Record [object SequelizeInstance:Record] created!","timestamp":"2025-04-14T02:58:21.671Z"}
{"level":"info","message":"User ID: undefined","timestamp":"2025-04-14T02:59:24.392Z"}
{"level":"error","message":"User ID is required","status":400,"timestamp":"2025-04-14T02:59:24.394Z"}
{"level":"info","message":"User ID: 6e11bb79-4314-433a-9c88-2c98e0a8cbc8","timestamp":"2025-04-14T02:59:53.793Z"}
{"level":"info","message":"WeLearn backend server running on port 3000!","timestamp":"2025-04-14T03:00:10.018Z"}
{"0":{"code":"invalid_type","expected":"string","message":"Required","path":["userId"],"received":"undefined"},"level":"error","message":"Validation error:","timestamp":"2025-04-14T03:00:19.834Z"}
{"level":"info","message":"WeLearn backend server running on port 3000!","timestamp":"2025-04-14T03:00:27.213Z"}
{"level":"info","message":"WeLearn backend server running on port 3000!","timestamp":"2025-04-14T03:00:51.376Z"}
{"level":"info","message":"WeLearn backend server running on port 3000!","timestamp":"2025-04-14T03:01:25.987Z"}
{"level":"info","message":"User ID: 6e11bb79-4314-433a-9c88-2c98e0a8cbc8","timestamp":"2025-04-14T03:01:43.061Z"}
{"level":"info","message":"WeLearn backend server running on port 3000!","timestamp":"2025-04-14T03:01:56.328Z"}
{"level":"info","message":"WeLearn backend server running on port 3000!","timestamp":"2025-04-14T03:02:32.579Z"}
{"level":"info","message":"User ID: 6e11bb79-4314-433a-9c88-2c98e0a8cbc8","timestamp":"2025-04-14T03:02:34.737Z"}
{"0":{"code":"invalid_type","expected":"string","message":"Required","path":["userId"],"received":"undefined"},"level":"error","message":"Validation error:","timestamp":"2025-04-14T03:02:50.661Z"}
{"level":"info","message":"WeLearn backend server running on port 3000!","timestamp":"2025-04-14T03:03:24.994Z"}
{"level":"info","message":"WeLearn backend server running on port 3000!","timestamp":"2025-04-14T03:03:44.060Z"}
{"level":"info","message":"WeLearn backend server running on port 3000!","timestamp":"2025-04-14T03:03:58.621Z"}
{"level":"info","message":"WeLearn backend server running on port 3000!","timestamp":"2025-04-14T03:04:53.374Z"}
{"0":{"code":"invalid_type","expected":"string","message":"Required","path":["userId"],"received":"undefined"},"level":"error","message":"Validation error:","timestamp":"2025-04-14T03:04:54.774Z"}
{"level":"info","message":"WeLearn backend server running on port 3000!","timestamp":"2025-04-14T03:07:27.414Z"}
{"level":"info","message":"User ID: undefined","timestamp":"2025-04-14T03:07:34.328Z"}
{"level":"error","message":"User ID is required","status":400,"timestamp":"2025-04-14T03:07:34.332Z"}
{"level":"info","message":"User ID: undefined","timestamp":"2025-04-14T03:07:49.438Z"}
{"level":"error","message":"User ID is required","status":400,"timestamp":"2025-04-14T03:07:49.440Z"}
{"level":"info","message":"WeLearn backend server running on port 3000!","timestamp":"2025-04-14T03:08:08.688Z"}
{"level":"info","message":"WeLearn backend server running on port 3000!","timestamp":"2025-04-14T03:09:36.852Z"}
{"level":"info","message":"User ID: 6e11bb79-4314-433a-9c88-2c98e0a8cbc8","timestamp":"2025-04-14T03:09:38.153Z"}
{"level":"info","message":"WeLearn backend server running on port 3000!","timestamp":"2025-04-14T03:12:22.915Z"}
{"level":"info","message":"WeLearn backend server running on port 3000!","timestamp":"2025-04-14T03:12:54.151Z"}
{"level":"info","message":"WeLearn backend server running on port 3000!","timestamp":"2025-04-14T03:13:05.036Z"}
